Removed Pin From Net: NetName=GND Pin=C1-2
Removed Pin From Net: NetName=VCC Pin=C2-1
Removed Pin From Net: NetName=GND Pin=C2-2
Removed Pin From Net: NetName=GND Pin=C3-1
Removed Pin From Net: NetName=GND Pin=C4-1
Removed Pin From Net: NetName=GND Pin=C5-1
Removed Pin From Net: NetName=VCC Pin=D3-1
Removed Pin From Net: NetName=VCC Pin=D3-2
Removed Pin From Net: NetName=VCC Pin=D3-3
Removed Pin From Net: NetName=VCC Pin=D3-4
Removed Pin From Net: NetName=VCC Pin=D3-5
Removed Pin From Net: NetName=VCC Pin=D3-6
Removed Pin From Net: NetName=VCC Pin=D3-7
Removed Pin From Net: NetName=VCC Pin=D3-8
Removed Pin From Net: NetName=VCC Pin=D3-9
Removed Pin From Net: NetName=VCC Pin=D3-10
Removed Pin From Net: NetName=GND Pin=J1-2
Removed Pin From Net: NetName=GND Pin=PTH1-1
Removed Pin From Net: NetName=GND Pin=PTH2-1
Removed Pin From Net: NetName=GND Pin=PTH3-1
Removed Pin From Net: NetName=GND Pin=PTH4-1
Removed Pin From Net: NetName=GND Pin=R15-2
Removed Pin From Net: NetName=GND Pin=R16-2
Removed Pin From Net: NetName=GND Pin=R17-2
Removed Pin From Net: NetName=GND Pin=RP1-1
Removed Pin From Net: NetName=GND Pin=RP2-1
Removed Pin From Net: NetName=GND Pin=RP3-1
Removed Pin From Net: NetName=GND Pin=RP4-1
Removed Pin From Net: NetName=VCC Pin=SD1-3
Removed Pin From Net: NetName=VCC Pin=SD1-8
Removed Pin From Net: NetName=VCC Pin=SD2-3
Removed Pin From Net: NetName=VCC Pin=SD2-8
Removed Pin From Net: NetName=GND Pin=SW1-3
Removed Pin From Net: NetName=GND Pin=SW2-3
Removed Pin From Net: NetName=VCC Pin=U1-3
Removed Pin From Net: NetName=VCC Pin=U1-5
Removed Pin From Net: NetName=GND Pin=U1-8
Removed Pin From Net: NetName=VCC Pin=U1-16
Removed Pin From Net: NetName=VCC Pin=U2-3
Removed Pin From Net: NetName=VCC Pin=U2-5
Removed Pin From Net: NetName=GND Pin=U2-8
Removed Pin From Net: NetName=VCC Pin=U2-16
Removed Pin From Net: NetName=GND Pin=U3-8
Removed Pin From Net: NetName=GND Pin=U3-10
Removed Pin From Net: NetName=VCC Pin=U3-16
Removed Pin From Net: NetName=GND Pin=U4-8
Removed Pin From Net: NetName=GND Pin=U4-10
Removed Pin From Net: NetName=VCC Pin=U4-16
Removed Pin From Net: NetName=GND Pin=U5-8
Removed Pin From Net: NetName=GND Pin=U5-10
Removed Pin From Net: NetName=VCC Pin=U5-16
Removed Pin From Net: NetName=GND Pin=U6-8
Removed Pin From Net: NetName=VCC Pin=U6-10
Removed Pin From Net: NetName=GND Pin=U6-13
Removed Pin From Net: NetName=VCC Pin=U6-16
Removed Pin From Net: NetName=VCC Pin=U7-7
Removed Pin From Net: NetName=GND Pin=U7-8
Removed Pin From Net: NetName=VCC Pin=U7-20
Removed Pin From Net: NetName=VCC Pin=U7-21
Removed Pin From Net: NetName=GND Pin=U7-22
Removed Pin From Net: NetName=GND Pin=U8-2
Removed Pin From Net: NetName=VCC Pin=U8-3
Removed Pin From Net: NetName=GND Pin=U8-4
Removed Pin From Net: NetName=VCC Pin=U8-9
Removed Pin From Net: NetName=GND Pin=U9-2
Removed Pin From Net: NetName=VCC Pin=U9-3
