Removed Pin From Net: NetName=VCC Pin=BLK1-5
Removed Pin From Net: NetName=GND Pin=BLK1-10
Removed Pin From Net: NetName=VCC Pin=BLK2-5
Removed Pin From Net: NetName=GND Pin=BLK2-10
Removed Pin From Net: NetName=VCC Pin=BLK3-5
Removed Pin From Net: NetName=GND Pin=BLK3-10
Added Component: Designator=BLK_NUM1_0(Block_6x5)
Added Component: Designator=BLK_NUM1_1(Block_6x5)
Added Component: Designator=BLK_NUM1_2(Block_6x5)
Added Component: Designator=BLK_NUM1_3(Block_6x5)
Added Component: Designator=BLK_NUM1_4(Block_6x5)
Added Component: Designator=BLK_NUM1_5(Block_6x5)
Added Component: Designator=BLK_NUM1_6(Block_6x5)
Added Component: Designator=BLK_NUM1_7(Block_6x5)
Added Component: Designator=BLK_NUM1_8(Block_6x5)
Added Component: Designator=BLK_NUM1_9(Block_6x5)
Added Component: Designator=BLK_NUM2_0(Block_6x5)
Added Component: Designator=BLK_NUM2_1(Block_6x5)
Added Component: Designator=BLK_NUM2_2(Block_6x5)
Added Component: Designator=BLK_NUM2_3(Block_6x5)
Added Component: Designator=BLK_NUM2_4(Block_6x5)
Added Component: Designator=BLK_NUM2_5(Block_6x5)
Added Component: Designator=BLK_NUM2_6(Block_6x5)
Added Component: Designator=BLK_NUM2_7(Block_6x5)
Added Component: Designator=BLK_NUM2_8(Block_6x5)
Added Component: Designator=BLK_NUM2_9(Block_6x5)
Added Component: Designator=BLK_OP_0(Block_6x5)
Added Component: Designator=BLK_OP_1(Block_6x5)
Added Component: Designator=BLK_OP_2(Block_6x5)
Added Component: Designator=BLK_OP_3(Block_6x5)
Added Component: Designator=BLK_OP_4(Block_6x5)
Added Component: Designator=BLK_OP_5(Block_6x5)
Added Component: Designator=BLK_OP_6(Block_6x5)
Added Component: Designator=BLK_OP_7(Block_6x5)
Added Component: Designator=BLK_OP_8(Block_6x5)
Added Component: Designator=BLK_OP_9(Block_6x5)
Added Pin To Net: NetName=GND Pin=BLK_NUM1_0-1
Added Pin To Net: NetName=GND Pin=BLK_NUM1_0-2
Added Pin To Net: NetName=GND Pin=BLK_NUM1_0-3
Added Pin To Net: NetName=GND Pin=BLK_NUM1_0-4
Added Pin To Net: NetName=VCC Pin=BLK_NUM1_0-5
Added Pin To Net: NetName=GND Pin=BLK_NUM1_0-6
Added Pin To Net: NetName=GND Pin=BLK_NUM1_0-7
Added Pin To Net: NetName=GND Pin=BLK_NUM1_0-8
Added Pin To Net: NetName=GND Pin=BLK_NUM1_0-9
Added Pin To Net: NetName=GND Pin=BLK_NUM1_1-1
Added Pin To Net: NetName=GND Pin=BLK_NUM1_1-2
Added Pin To Net: NetName=GND Pin=BLK_NUM1_1-3
Added Pin To Net: NetName=GND Pin=BLK_NUM1_1-4
Added Pin To Net: NetName=VCC Pin=BLK_NUM1_1-5
Added Pin To Net: NetName=GND Pin=BLK_NUM1_1-6
Added Pin To Net: NetName=GND Pin=BLK_NUM1_1-7
Added Pin To Net: NetName=GND Pin=BLK_NUM1_1-8
Added Pin To Net: NetName=VCC Pin=BLK_NUM1_1-9
Added Pin To Net: NetName=GND Pin=BLK_NUM1_2-1
Added Pin To Net: NetName=GND Pin=BLK_NUM1_2-2
Added Pin To Net: NetName=GND Pin=BLK_NUM1_2-3
Added Pin To Net: NetName=GND Pin=BLK_NUM1_2-4
Added Pin To Net: NetName=VCC Pin=BLK_NUM1_2-5
Added Pin To Net: NetName=GND Pin=BLK_NUM1_2-6
Added Pin To Net: NetName=GND Pin=BLK_NUM1_2-7
Added Pin To Net: NetName=VCC Pin=BLK_NUM1_2-8
Added Pin To Net: NetName=GND Pin=BLK_NUM1_2-9
Added Pin To Net: NetName=GND Pin=BLK_NUM1_3-1
Added Pin To Net: NetName=GND Pin=BLK_NUM1_3-2
Added Pin To Net: NetName=GND Pin=BLK_NUM1_3-3
Added Pin To Net: NetName=GND Pin=BLK_NUM1_3-4
Added Pin To Net: NetName=VCC Pin=BLK_NUM1_3-5
Added Pin To Net: NetName=GND Pin=BLK_NUM1_3-6
Added Pin To Net: NetName=GND Pin=BLK_NUM1_3-7
Added Pin To Net: NetName=VCC Pin=BLK_NUM1_3-8
Added Pin To Net: NetName=VCC Pin=BLK_NUM1_3-9
Added Pin To Net: NetName=GND Pin=BLK_NUM1_4-1
Added Pin To Net: NetName=GND Pin=BLK_NUM1_4-2
Added Pin To Net: NetName=GND Pin=BLK_NUM1_4-3
Added Pin To Net: NetName=GND Pin=BLK_NUM1_4-4
Added Pin To Net: NetName=VCC Pin=BLK_NUM1_4-5
Added Pin To Net: NetName=GND Pin=BLK_NUM1_4-6
Added Pin To Net: NetName=VCC Pin=BLK_NUM1_4-7
Added Pin To Net: NetName=GND Pin=BLK_NUM1_4-8
Added Pin To Net: NetName=GND Pin=BLK_NUM1_4-9
Added Pin To Net: NetName=GND Pin=BLK_NUM1_5-1
Added Pin To Net: NetName=GND Pin=BLK_NUM1_5-2
Added Pin To Net: NetName=GND Pin=BLK_NUM1_5-3
Added Pin To Net: NetName=GND Pin=BLK_NUM1_5-4
Added Pin To Net: NetName=VCC Pin=BLK_NUM1_5-5
Added Pin To Net: NetName=GND Pin=BLK_NUM1_5-6
Added Pin To Net: NetName=VCC Pin=BLK_NUM1_5-7
Added Pin To Net: NetName=GND Pin=BLK_NUM1_5-8
Added Pin To Net: NetName=VCC Pin=BLK_NUM1_5-9
Added Pin To Net: NetName=GND Pin=BLK_NUM1_6-1
Added Pin To Net: NetName=GND Pin=BLK_NUM1_6-2
Added Pin To Net: NetName=GND Pin=BLK_NUM1_6-3
Added Pin To Net: NetName=GND Pin=BLK_NUM1_6-4
Added Pin To Net: NetName=VCC Pin=BLK_NUM1_6-5
Added Pin To Net: NetName=GND Pin=BLK_NUM1_6-6
Added Pin To Net: NetName=VCC Pin=BLK_NUM1_6-7
Added Pin To Net: NetName=VCC Pin=BLK_NUM1_6-8
Added Pin To Net: NetName=GND Pin=BLK_NUM1_6-9
Added Pin To Net: NetName=GND Pin=BLK_NUM1_7-1
Added Pin To Net: NetName=GND Pin=BLK_NUM1_7-2
Added Pin To Net: NetName=GND Pin=BLK_NUM1_7-3
Added Pin To Net: NetName=GND Pin=BLK_NUM1_7-4
Added Pin To Net: NetName=VCC Pin=BLK_NUM1_7-5
Added Pin To Net: NetName=GND Pin=BLK_NUM1_7-6
Added Pin To Net: NetName=VCC Pin=BLK_NUM1_7-7
Added Pin To Net: NetName=VCC Pin=BLK_NUM1_7-8
Added Pin To Net: NetName=VCC Pin=BLK_NUM1_7-9
Added Pin To Net: NetName=GND Pin=BLK_NUM1_8-1
Added Pin To Net: NetName=GND Pin=BLK_NUM1_8-2
Added Pin To Net: NetName=GND Pin=BLK_NUM1_8-3
Added Pin To Net: NetName=GND Pin=BLK_NUM1_8-4
Added Pin To Net: NetName=VCC Pin=BLK_NUM1_8-5
Added Pin To Net: NetName=VCC Pin=BLK_NUM1_8-6
Added Pin To Net: NetName=GND Pin=BLK_NUM1_8-7
Added Pin To Net: NetName=GND Pin=BLK_NUM1_8-8
Added Pin To Net: NetName=GND Pin=BLK_NUM1_8-9
Added Pin To Net: NetName=GND Pin=BLK_NUM1_9-1
Added Pin To Net: NetName=GND Pin=BLK_NUM1_9-2
Added Pin To Net: NetName=GND Pin=BLK_NUM1_9-3
Added Pin To Net: NetName=GND Pin=BLK_NUM1_9-4
Added Pin To Net: NetName=VCC Pin=BLK_NUM1_9-5
Added Pin To Net: NetName=VCC Pin=BLK_NUM1_9-6
Added Pin To Net: NetName=GND Pin=BLK_NUM1_9-7
Added Pin To Net: NetName=GND Pin=BLK_NUM1_9-8
Added Pin To Net: NetName=VCC Pin=BLK_NUM1_9-9
Added Pin To Net: NetName=GND Pin=BLK_NUM2_0-1
Added Pin To Net: NetName=GND Pin=BLK_NUM2_0-2
Added Pin To Net: NetName=GND Pin=BLK_NUM2_0-3
Added Pin To Net: NetName=GND Pin=BLK_NUM2_0-4
Added Pin To Net: NetName=VCC Pin=BLK_NUM2_0-5
Added Pin To Net: NetName=GND Pin=BLK_NUM2_0-6
Added Pin To Net: NetName=GND Pin=BLK_NUM2_0-7
Added Pin To Net: NetName=GND Pin=BLK_NUM2_0-8
Added Pin To Net: NetName=GND Pin=BLK_NUM2_0-9
Added Pin To Net: NetName=GND Pin=BLK_NUM2_1-1
Added Pin To Net: NetName=GND Pin=BLK_NUM2_1-2
Added Pin To Net: NetName=GND Pin=BLK_NUM2_1-3
Added Pin To Net: NetName=GND Pin=BLK_NUM2_1-4
Added Pin To Net: NetName=VCC Pin=BLK_NUM2_1-5
Added Pin To Net: NetName=GND Pin=BLK_NUM2_1-6
Added Pin To Net: NetName=GND Pin=BLK_NUM2_1-7
Added Pin To Net: NetName=GND Pin=BLK_NUM2_1-8
Added Pin To Net: NetName=VCC Pin=BLK_NUM2_1-9
Added Pin To Net: NetName=GND Pin=BLK_NUM2_2-1
Added Pin To Net: NetName=GND Pin=BLK_NUM2_2-2
Added Pin To Net: NetName=GND Pin=BLK_NUM2_2-3
Added Pin To Net: NetName=GND Pin=BLK_NUM2_2-4
Added Pin To Net: NetName=VCC Pin=BLK_NUM2_2-5
Added Pin To Net: NetName=GND Pin=BLK_NUM2_2-6
Added Pin To Net: NetName=GND Pin=BLK_NUM2_2-7
Added Pin To Net: NetName=VCC Pin=BLK_NUM2_2-8
Added Pin To Net: NetName=GND Pin=BLK_NUM2_2-9
Added Pin To Net: NetName=GND Pin=BLK_NUM2_3-1
Added Pin To Net: NetName=GND Pin=BLK_NUM2_3-2
Added Pin To Net: NetName=GND Pin=BLK_NUM2_3-3
Added Pin To Net: NetName=GND Pin=BLK_NUM2_3-4
Added Pin To Net: NetName=VCC Pin=BLK_NUM2_3-5
Added Pin To Net: NetName=GND Pin=BLK_NUM2_3-6
Added Pin To Net: NetName=GND Pin=BLK_NUM2_3-7
Added Pin To Net: NetName=VCC Pin=BLK_NUM2_3-8
Added Pin To Net: NetName=VCC Pin=BLK_NUM2_3-9
Added Pin To Net: NetName=GND Pin=BLK_NUM2_4-1
Added Pin To Net: NetName=GND Pin=BLK_NUM2_4-2
Added Pin To Net: NetName=GND Pin=BLK_NUM2_4-3
Added Pin To Net: NetName=GND Pin=BLK_NUM2_4-4
Added Pin To Net: NetName=VCC Pin=BLK_NUM2_4-5
Added Pin To Net: NetName=GND Pin=BLK_NUM2_4-6
Added Pin To Net: NetName=VCC Pin=BLK_NUM2_4-7
Added Pin To Net: NetName=GND Pin=BLK_NUM2_4-8
Added Pin To Net: NetName=GND Pin=BLK_NUM2_4-9
Added Pin To Net: NetName=GND Pin=BLK_NUM2_5-1
Added Pin To Net: NetName=GND Pin=BLK_NUM2_5-2
Added Pin To Net: NetName=GND Pin=BLK_NUM2_5-3
Added Pin To Net: NetName=GND Pin=BLK_NUM2_5-4
Added Pin To Net: NetName=VCC Pin=BLK_NUM2_5-5
Added Pin To Net: NetName=GND Pin=BLK_NUM2_5-6
Added Pin To Net: NetName=VCC Pin=BLK_NUM2_5-7
Added Pin To Net: NetName=GND Pin=BLK_NUM2_5-8
Added Pin To Net: NetName=VCC Pin=BLK_NUM2_5-9
Added Pin To Net: NetName=GND Pin=BLK_NUM2_6-1
Added Pin To Net: NetName=GND Pin=BLK_NUM2_6-2
Added Pin To Net: NetName=GND Pin=BLK_NUM2_6-3
Added Pin To Net: NetName=GND Pin=BLK_NUM2_6-4
Added Pin To Net: NetName=VCC Pin=BLK_NUM2_6-5
Added Pin To Net: NetName=GND Pin=BLK_NUM2_6-6
Added Pin To Net: NetName=VCC Pin=BLK_NUM2_6-7
Added Pin To Net: NetName=VCC Pin=BLK_NUM2_6-8
Added Pin To Net: NetName=GND Pin=BLK_NUM2_6-9
Added Pin To Net: NetName=GND Pin=BLK_NUM2_7-1
Added Pin To Net: NetName=GND Pin=BLK_NUM2_7-2
Added Pin To Net: NetName=GND Pin=BLK_NUM2_7-3
Added Pin To Net: NetName=GND Pin=BLK_NUM2_7-4
Added Pin To Net: NetName=VCC Pin=BLK_NUM2_7-5
Added Pin To Net: NetName=GND Pin=BLK_NUM2_7-6
Added Pin To Net: NetName=VCC Pin=BLK_NUM2_7-7
Added Pin To Net: NetName=VCC Pin=BLK_NUM2_7-8
Added Pin To Net: NetName=VCC Pin=BLK_NUM2_7-9
Added Pin To Net: NetName=GND Pin=BLK_NUM2_8-1
Added Pin To Net: NetName=GND Pin=BLK_NUM2_8-2
Added Pin To Net: NetName=GND Pin=BLK_NUM2_8-3
Added Pin To Net: NetName=GND Pin=BLK_NUM2_8-4
Added Pin To Net: NetName=VCC Pin=BLK_NUM2_8-5
Added Pin To Net: NetName=VCC Pin=BLK_NUM2_8-6
Added Pin To Net: NetName=GND Pin=BLK_NUM2_8-7
Added Pin To Net: NetName=GND Pin=BLK_NUM2_8-8
Added Pin To Net: NetName=GND Pin=BLK_NUM2_8-9
Added Pin To Net: NetName=GND Pin=BLK_NUM2_9-1
Added Pin To Net: NetName=GND Pin=BLK_NUM2_9-2
Added Pin To Net: NetName=GND Pin=BLK_NUM2_9-3
Added Pin To Net: NetName=GND Pin=BLK_NUM2_9-4
Added Pin To Net: NetName=VCC Pin=BLK_NUM2_9-5
Added Pin To Net: NetName=VCC Pin=BLK_NUM2_9-6
Added Pin To Net: NetName=GND Pin=BLK_NUM2_9-7
Added Pin To Net: NetName=GND Pin=BLK_NUM2_9-8
Added Pin To Net: NetName=VCC Pin=BLK_NUM2_9-9
Added Pin To Net: NetName=GND Pin=BLK_OP_0-1
Added Pin To Net: NetName=GND Pin=BLK_OP_0-2
Added Pin To Net: NetName=GND Pin=BLK_OP_0-3
Added Pin To Net: NetName=GND Pin=BLK_OP_0-4
Added Pin To Net: NetName=VCC Pin=BLK_OP_0-5
Added Pin To Net: NetName=GND Pin=BLK_OP_0-6
Added Pin To Net: NetName=GND Pin=BLK_OP_0-7
Added Pin To Net: NetName=GND Pin=BLK_OP_0-8
Added Pin To Net: NetName=GND Pin=BLK_OP_0-9
Added Pin To Net: NetName=GND Pin=BLK_OP_1-1
Added Pin To Net: NetName=GND Pin=BLK_OP_1-2
Added Pin To Net: NetName=GND Pin=BLK_OP_1-3
Added Pin To Net: NetName=GND Pin=BLK_OP_1-4
Added Pin To Net: NetName=VCC Pin=BLK_OP_1-5
Added Pin To Net: NetName=GND Pin=BLK_OP_1-6
Added Pin To Net: NetName=GND Pin=BLK_OP_1-7
Added Pin To Net: NetName=GND Pin=BLK_OP_1-8
Added Pin To Net: NetName=VCC Pin=BLK_OP_1-9
Added Pin To Net: NetName=GND Pin=BLK_OP_2-1
Added Pin To Net: NetName=GND Pin=BLK_OP_2-2
Added Pin To Net: NetName=GND Pin=BLK_OP_2-3
Added Pin To Net: NetName=GND Pin=BLK_OP_2-4
Added Pin To Net: NetName=VCC Pin=BLK_OP_2-5
Added Pin To Net: NetName=GND Pin=BLK_OP_2-6
Added Pin To Net: NetName=GND Pin=BLK_OP_2-7
Added Pin To Net: NetName=VCC Pin=BLK_OP_2-8
Added Pin To Net: NetName=GND Pin=BLK_OP_2-9
Added Pin To Net: NetName=GND Pin=BLK_OP_3-1
Added Pin To Net: NetName=GND Pin=BLK_OP_3-2
Added Pin To Net: NetName=GND Pin=BLK_OP_3-3
Added Pin To Net: NetName=GND Pin=BLK_OP_3-4
Added Pin To Net: NetName=VCC Pin=BLK_OP_3-5
Added Pin To Net: NetName=GND Pin=BLK_OP_3-6
Added Pin To Net: NetName=GND Pin=BLK_OP_3-7
Added Pin To Net: NetName=VCC Pin=BLK_OP_3-8
Added Pin To Net: NetName=VCC Pin=BLK_OP_3-9
Added Pin To Net: NetName=GND Pin=BLK_OP_4-1
Added Pin To Net: NetName=GND Pin=BLK_OP_4-2
Added Pin To Net: NetName=GND Pin=BLK_OP_4-3
Added Pin To Net: NetName=GND Pin=BLK_OP_4-4
Added Pin To Net: NetName=VCC Pin=BLK_OP_4-5
Added Pin To Net: NetName=GND Pin=BLK_OP_4-6
Added Pin To Net: NetName=VCC Pin=BLK_OP_4-7
Added Pin To Net: NetName=GND Pin=BLK_OP_4-8
Added Pin To Net: NetName=GND Pin=BLK_OP_4-9
Added Pin To Net: NetName=GND Pin=BLK_OP_5-1
Added Pin To Net: NetName=GND Pin=BLK_OP_5-2
Added Pin To Net: NetName=GND Pin=BLK_OP_5-3
Added Pin To Net: NetName=GND Pin=BLK_OP_5-4
Added Pin To Net: NetName=VCC Pin=BLK_OP_5-5
Added Pin To Net: NetName=GND Pin=BLK_OP_5-6
Added Pin To Net: NetName=VCC Pin=BLK_OP_5-7
Added Pin To Net: NetName=GND Pin=BLK_OP_5-8
Added Pin To Net: NetName=VCC Pin=BLK_OP_5-9
Added Pin To Net: NetName=GND Pin=BLK_OP_6-1
Added Pin To Net: NetName=GND Pin=BLK_OP_6-2
Added Pin To Net: NetName=GND Pin=BLK_OP_6-3
Added Pin To Net: NetName=GND Pin=BLK_OP_6-4
Added Pin To Net: NetName=VCC Pin=BLK_OP_6-5
Added Pin To Net: NetName=GND Pin=BLK_OP_6-6
Added Pin To Net: NetName=VCC Pin=BLK_OP_6-7
Added Pin To Net: NetName=VCC Pin=BLK_OP_6-8
Added Pin To Net: NetName=GND Pin=BLK_OP_6-9
Added Pin To Net: NetName=GND Pin=BLK_OP_7-1
Added Pin To Net: NetName=GND Pin=BLK_OP_7-2
Added Pin To Net: NetName=GND Pin=BLK_OP_7-3
Added Pin To Net: NetName=GND Pin=BLK_OP_7-4
Added Pin To Net: NetName=VCC Pin=BLK_OP_7-5
Added Pin To Net: NetName=GND Pin=BLK_OP_7-6
Added Pin To Net: NetName=VCC Pin=BLK_OP_7-7
Added Pin To Net: NetName=VCC Pin=BLK_OP_7-8
Added Pin To Net: NetName=VCC Pin=BLK_OP_7-9
Added Pin To Net: NetName=GND Pin=BLK_OP_8-1
Added Pin To Net: NetName=GND Pin=BLK_OP_8-2
Added Pin To Net: NetName=GND Pin=BLK_OP_8-3
Added Pin To Net: NetName=GND Pin=BLK_OP_8-4
Added Pin To Net: NetName=VCC Pin=BLK_OP_8-5
Added Pin To Net: NetName=VCC Pin=BLK_OP_8-6
Added Pin To Net: NetName=GND Pin=BLK_OP_8-7
Added Pin To Net: NetName=GND Pin=BLK_OP_8-8
Added Pin To Net: NetName=GND Pin=BLK_OP_8-9
Added Pin To Net: NetName=GND Pin=BLK_OP_9-1
Added Pin To Net: NetName=GND Pin=BLK_OP_9-2
Added Pin To Net: NetName=GND Pin=BLK_OP_9-3
Added Pin To Net: NetName=GND Pin=BLK_OP_9-4
Added Pin To Net: NetName=VCC Pin=BLK_OP_9-5
Added Pin To Net: NetName=VCC Pin=BLK_OP_9-6
Added Pin To Net: NetName=GND Pin=BLK_OP_9-7
Added Pin To Net: NetName=GND Pin=BLK_OP_9-8
Added Pin To Net: NetName=VCC Pin=BLK_OP_9-9
