Removed Pin From Net: NetName=NetBLK_NUM1_0_1 Pin=BLK_NUM1_0-4
Removed Pin From Net: NetName=NetBLK_NUM1_1_1 Pin=BLK_NUM1_1-4
Removed Pin From Net: NetName=NetBLK_NUM1_2_1 Pin=BLK_NUM1_2-4
Removed Pin From Net: NetName=NetBLK_NUM1_3_1 Pin=BLK_NUM1_3-4
Removed Pin From Net: NetName=NetBLK_NUM1_4_1 Pin=BLK_NUM1_4-4
Removed Pin From Net: NetName=NetBLK_NUM1_5_1 Pin=BLK_NUM1_5-4
Removed Pin From Net: NetName=NetBLK_NUM1_6_1 Pin=BLK_NUM1_6-4
Removed Pin From Net: NetName=NetBLK_NUM1_7_1 Pin=BLK_NUM1_7-4
Removed Pin From Net: NetName=NetBLK_NUM1_8_1 Pin=BLK_NUM1_8-4
Removed Pin From Net: NetName=NetBLK_NUM1_9_1 Pin=BLK_NUM1_9-4
Removed Pin From Net: NetName=NetBLK_NUM2_0_1 Pin=BLK_NUM2_0-4
Removed Pin From Net: NetName=NetBLK_NUM2_1_1 Pin=BLK_NUM2_1-4
Removed Pin From Net: NetName=NetBLK_NUM2_2_1 Pin=BLK_NUM2_2-4
Removed Pin From Net: NetName=NetBLK_NUM2_3_1 Pin=BLK_NUM2_3-4
Removed Pin From Net: NetName=NetBLK_NUM2_4_1 Pin=BLK_NUM2_4-4
Removed Pin From Net: NetName=NetBLK_NUM2_5_1 Pin=BLK_NUM2_5-4
Removed Pin From Net: NetName=NetBLK_NUM2_6_1 Pin=BLK_NUM2_6-4
Removed Pin From Net: NetName=NetBLK_NUM2_7_1 Pin=BLK_NUM2_7-4
Removed Pin From Net: NetName=NetBLK_NUM2_8_1 Pin=BLK_NUM2_8-4
Removed Pin From Net: NetName=NetBLK_NUM2_9_1 Pin=BLK_NUM2_9-4
Removed Pin From Net: NetName=NetBLK_OP_0_1 Pin=BLK_OP_0-4
Removed Pin From Net: NetName=NetBLK_OP_1_1 Pin=BLK_OP_1-4
Removed Pin From Net: NetName=NetBLK_OP_2_1 Pin=BLK_OP_2-4
Removed Pin From Net: NetName=NetBLK_OP_3_1 Pin=BLK_OP_3-4
Removed Pin From Net: NetName=NetBLK_OP_4_1 Pin=BLK_OP_4-4
Removed Pin From Net: NetName=NetBLK_OP_5_1 Pin=BLK_OP_5-4
Removed Pin From Net: NetName=NetBLK_OP_6_1 Pin=BLK_OP_6-4
Removed Pin From Net: NetName=NetBLK_OP_7_1 Pin=BLK_OP_7-4
Removed Pin From Net: NetName=NetBLK_OP_8_1 Pin=BLK_OP_8-4
Removed Pin From Net: NetName=NetBLK_OP_9_1 Pin=BLK_OP_9-4
Added Pin To Net: NetName=NetBLK_NUM1_3_5 Pin=BLK_NUM1_3-4
Added Pin To Net: NetName=NetBLK_NUM1_5_5 Pin=BLK_NUM1_5-4
Added Pin To Net: NetName=NetBLK_NUM1_6_5 Pin=BLK_NUM1_6-4
Added Pin To Net: NetName=NetBLK_NUM1_7_5 Pin=BLK_NUM1_7-4
Added Pin To Net: NetName=NetBLK_NUM1_9_5 Pin=BLK_NUM1_9-4
Added Pin To Net: NetName=NetBLK_NUM2_3_5 Pin=BLK_NUM2_3-4
Added Pin To Net: NetName=NetBLK_NUM2_5_5 Pin=BLK_NUM2_5-4
Added Pin To Net: NetName=NetBLK_NUM2_6_5 Pin=BLK_NUM2_6-4
Added Pin To Net: NetName=NetBLK_NUM2_7_5 Pin=BLK_NUM2_7-4
Added Pin To Net: NetName=NetBLK_NUM2_9_5 Pin=BLK_NUM2_9-4
Added Pin To Net: NetName=NetBLK_OP_3_5 Pin=BLK_OP_3-4
Added Pin To Net: NetName=NetBLK_OP_5_5 Pin=BLK_OP_5-4
Added Pin To Net: NetName=NetBLK_OP_6_5 Pin=BLK_OP_6-4
Added Pin To Net: NetName=NetBLK_OP_7_5 Pin=BLK_OP_7-4
Added Pin To Net: NetName=NetBLK_OP_9_5 Pin=BLK_OP_9-4
Change Net Name : Old Net Name=NetBLK_NUM1_3_5 New Net Name=NetBLK_NUM1_3_4
Change Net Name : Old Net Name=NetBLK_NUM1_5_5 New Net Name=NetBLK_NUM1_5_4
Change Net Name : Old Net Name=NetBLK_NUM1_6_5 New Net Name=NetBLK_NUM1_6_4
Change Net Name : Old Net Name=NetBLK_NUM1_7_5 New Net Name=NetBLK_NUM1_7_4
Change Net Name : Old Net Name=NetBLK_NUM1_9_5 New Net Name=NetBLK_NUM1_9_4
Change Net Name : Old Net Name=NetBLK_NUM2_3_5 New Net Name=NetBLK_NUM2_3_4
Change Net Name : Old Net Name=NetBLK_NUM2_5_5 New Net Name=NetBLK_NUM2_5_4
Change Net Name : Old Net Name=NetBLK_NUM2_6_5 New Net Name=NetBLK_NUM2_6_4
Change Net Name : Old Net Name=NetBLK_NUM2_7_5 New Net Name=NetBLK_NUM2_7_4
Change Net Name : Old Net Name=NetBLK_NUM2_9_5 New Net Name=NetBLK_NUM2_9_4
Change Net Name : Old Net Name=NetBLK_OP_3_5 New Net Name=NetBLK_OP_3_4
Change Net Name : Old Net Name=NetBLK_OP_5_5 New Net Name=NetBLK_OP_5_4
Change Net Name : Old Net Name=NetBLK_OP_6_5 New Net Name=NetBLK_OP_6_4
Change Net Name : Old Net Name=NetBLK_OP_7_5 New Net Name=NetBLK_OP_7_4
Change Net Name : Old Net Name=NetBLK_OP_9_5 New Net Name=NetBLK_OP_9_4
Added Pin To Net: NetName=NetBLK_NUM1_0_4 Pin=BLK_NUM1_0-4
Added Pin To Net: NetName=NetBLK_NUM1_0_4 Pin=BLK_NUM1_0-5
Added Net: Name=NetBLK_NUM1_0_4
Added Pin To Net: NetName=NetBLK_NUM1_1_4 Pin=BLK_NUM1_1-4
Added Pin To Net: NetName=NetBLK_NUM1_1_4 Pin=BLK_NUM1_1-5
Added Pin To Net: NetName=NetBLK_NUM1_1_4 Pin=BLK_NUM1_1-9
Added Net: Name=NetBLK_NUM1_1_4
Added Pin To Net: NetName=NetBLK_NUM1_2_4 Pin=BLK_NUM1_2-4
Added Pin To Net: NetName=NetBLK_NUM1_2_4 Pin=BLK_NUM1_2-5
Added Pin To Net: NetName=NetBLK_NUM1_2_4 Pin=BLK_NUM1_2-8
Added Net: Name=NetBLK_NUM1_2_4
Added Pin To Net: NetName=NetBLK_NUM1_4_4 Pin=BLK_NUM1_4-4
Added Pin To Net: NetName=NetBLK_NUM1_4_4 Pin=BLK_NUM1_4-5
Added Pin To Net: NetName=NetBLK_NUM1_4_4 Pin=BLK_NUM1_4-7
Added Net: Name=NetBLK_NUM1_4_4
Added Pin To Net: NetName=NetBLK_NUM1_8_4 Pin=BLK_NUM1_8-4
Added Pin To Net: NetName=NetBLK_NUM1_8_4 Pin=BLK_NUM1_8-5
Added Pin To Net: NetName=NetBLK_NUM1_8_4 Pin=BLK_NUM1_8-6
Added Net: Name=NetBLK_NUM1_8_4
Added Pin To Net: NetName=NetBLK_NUM2_0_4 Pin=BLK_NUM2_0-4
Added Pin To Net: NetName=NetBLK_NUM2_0_4 Pin=BLK_NUM2_0-5
Added Net: Name=NetBLK_NUM2_0_4
Added Pin To Net: NetName=NetBLK_NUM2_1_4 Pin=BLK_NUM2_1-4
Added Pin To Net: NetName=NetBLK_NUM2_1_4 Pin=BLK_NUM2_1-5
Added Pin To Net: NetName=NetBLK_NUM2_1_4 Pin=BLK_NUM2_1-9
Added Net: Name=NetBLK_NUM2_1_4
Added Pin To Net: NetName=NetBLK_NUM2_2_4 Pin=BLK_NUM2_2-4
Added Pin To Net: NetName=NetBLK_NUM2_2_4 Pin=BLK_NUM2_2-5
Added Pin To Net: NetName=NetBLK_NUM2_2_4 Pin=BLK_NUM2_2-8
Added Net: Name=NetBLK_NUM2_2_4
Added Pin To Net: NetName=NetBLK_NUM2_4_4 Pin=BLK_NUM2_4-4
Added Pin To Net: NetName=NetBLK_NUM2_4_4 Pin=BLK_NUM2_4-5
Added Pin To Net: NetName=NetBLK_NUM2_4_4 Pin=BLK_NUM2_4-7
Added Net: Name=NetBLK_NUM2_4_4
Added Pin To Net: NetName=NetBLK_NUM2_8_4 Pin=BLK_NUM2_8-4
Added Pin To Net: NetName=NetBLK_NUM2_8_4 Pin=BLK_NUM2_8-5
Added Pin To Net: NetName=NetBLK_NUM2_8_4 Pin=BLK_NUM2_8-6
Added Net: Name=NetBLK_NUM2_8_4
Added Pin To Net: NetName=NetBLK_OP_0_4 Pin=BLK_OP_0-4
Added Pin To Net: NetName=NetBLK_OP_0_4 Pin=BLK_OP_0-5
Added Net: Name=NetBLK_OP_0_4
Added Pin To Net: NetName=NetBLK_OP_1_4 Pin=BLK_OP_1-4
Added Pin To Net: NetName=NetBLK_OP_1_4 Pin=BLK_OP_1-5
Added Pin To Net: NetName=NetBLK_OP_1_4 Pin=BLK_OP_1-9
Added Net: Name=NetBLK_OP_1_4
Added Pin To Net: NetName=NetBLK_OP_2_4 Pin=BLK_OP_2-4
Added Pin To Net: NetName=NetBLK_OP_2_4 Pin=BLK_OP_2-5
Added Pin To Net: NetName=NetBLK_OP_2_4 Pin=BLK_OP_2-8
Added Net: Name=NetBLK_OP_2_4
Added Pin To Net: NetName=NetBLK_OP_4_4 Pin=BLK_OP_4-4
Added Pin To Net: NetName=NetBLK_OP_4_4 Pin=BLK_OP_4-5
Added Pin To Net: NetName=NetBLK_OP_4_4 Pin=BLK_OP_4-7
Added Net: Name=NetBLK_OP_4_4
Added Pin To Net: NetName=NetBLK_OP_8_4 Pin=BLK_OP_8-4
Added Pin To Net: NetName=NetBLK_OP_8_4 Pin=BLK_OP_8-5
Added Pin To Net: NetName=NetBLK_OP_8_4 Pin=BLK_OP_8-6
Added Net: Name=NetBLK_OP_8_4
