Removed Pin From Net: NetName=GND Pin=BLK_NUM1_0-1
Removed Pin From Net: NetName=GND Pin=BLK_NUM1_0-2
Removed Pin From Net: NetName=GND Pin=BLK_NUM1_0-3
Removed Pin From Net: NetName=GND Pin=BLK_NUM1_0-4
Removed Pin From Net: NetName=VCC Pin=BLK_NUM1_0-5
Removed Pin From Net: NetName=GND Pin=BLK_NUM1_0-6
Removed Pin From Net: NetName=GND Pin=BLK_NUM1_0-7
Removed Pin From Net: NetName=GND Pin=BLK_NUM1_0-8
Removed Pin From Net: NetName=GND Pin=BLK_NUM1_0-9
Removed Pin From Net: NetName=GND Pin=BLK_NUM1_1-1
Removed Pin From Net: NetName=GND Pin=BLK_NUM1_1-2
Removed Pin From Net: NetName=GND Pin=BLK_NUM1_1-3
Removed Pin From Net: NetName=GND Pin=BLK_NUM1_1-4
Removed Pin From Net: NetName=VCC Pin=BLK_NUM1_1-5
Removed Pin From Net: NetName=GND Pin=BLK_NUM1_1-6
Removed Pin From Net: NetName=GND Pin=BLK_NUM1_1-7
Removed Pin From Net: NetName=GND Pin=BLK_NUM1_1-8
Removed Pin From Net: NetName=VCC Pin=BLK_NUM1_1-9
Removed Pin From Net: NetName=GND Pin=BLK_NUM1_2-1
Removed Pin From Net: NetName=GND Pin=BLK_NUM1_2-2
Removed Pin From Net: NetName=GND Pin=BLK_NUM1_2-3
Removed Pin From Net: NetName=GND Pin=BLK_NUM1_2-4
Removed Pin From Net: NetName=VCC Pin=BLK_NUM1_2-5
Removed Pin From Net: NetName=GND Pin=BLK_NUM1_2-6
Removed Pin From Net: NetName=GND Pin=BLK_NUM1_2-7
Removed Pin From Net: NetName=VCC Pin=BLK_NUM1_2-8
Removed Pin From Net: NetName=GND Pin=BLK_NUM1_2-9
Removed Pin From Net: NetName=GND Pin=BLK_NUM1_3-1
Removed Pin From Net: NetName=GND Pin=BLK_NUM1_3-2
Removed Pin From Net: NetName=GND Pin=BLK_NUM1_3-3
Removed Pin From Net: NetName=GND Pin=BLK_NUM1_3-4
Removed Pin From Net: NetName=VCC Pin=BLK_NUM1_3-5
Removed Pin From Net: NetName=GND Pin=BLK_NUM1_3-6
Removed Pin From Net: NetName=GND Pin=BLK_NUM1_3-7
Removed Pin From Net: NetName=VCC Pin=BLK_NUM1_3-8
Removed Pin From Net: NetName=VCC Pin=BLK_NUM1_3-9
Removed Pin From Net: NetName=GND Pin=BLK_NUM1_4-1
Removed Pin From Net: NetName=GND Pin=BLK_NUM1_4-2
Removed Pin From Net: NetName=GND Pin=BLK_NUM1_4-3
Removed Pin From Net: NetName=GND Pin=BLK_NUM1_4-4
Removed Pin From Net: NetName=VCC Pin=BLK_NUM1_4-5
Removed Pin From Net: NetName=GND Pin=BLK_NUM1_4-6
Removed Pin From Net: NetName=VCC Pin=BLK_NUM1_4-7
Removed Pin From Net: NetName=GND Pin=BLK_NUM1_4-8
Removed Pin From Net: NetName=GND Pin=BLK_NUM1_4-9
Removed Pin From Net: NetName=GND Pin=BLK_NUM1_5-1
Removed Pin From Net: NetName=GND Pin=BLK_NUM1_5-2
Removed Pin From Net: NetName=GND Pin=BLK_NUM1_5-3
Removed Pin From Net: NetName=GND Pin=BLK_NUM1_5-4
Removed Pin From Net: NetName=VCC Pin=BLK_NUM1_5-5
Removed Pin From Net: NetName=GND Pin=BLK_NUM1_5-6
Removed Pin From Net: NetName=VCC Pin=BLK_NUM1_5-7
Removed Pin From Net: NetName=GND Pin=BLK_NUM1_5-8
Removed Pin From Net: NetName=VCC Pin=BLK_NUM1_5-9
Removed Pin From Net: NetName=GND Pin=BLK_NUM1_6-1
Removed Pin From Net: NetName=GND Pin=BLK_NUM1_6-2
Removed Pin From Net: NetName=GND Pin=BLK_NUM1_6-3
Removed Pin From Net: NetName=GND Pin=BLK_NUM1_6-4
Removed Pin From Net: NetName=VCC Pin=BLK_NUM1_6-5
Removed Pin From Net: NetName=GND Pin=BLK_NUM1_6-6
Removed Pin From Net: NetName=VCC Pin=BLK_NUM1_6-7
Removed Pin From Net: NetName=VCC Pin=BLK_NUM1_6-8
Removed Pin From Net: NetName=GND Pin=BLK_NUM1_6-9
Removed Pin From Net: NetName=GND Pin=BLK_NUM1_7-1
Removed Pin From Net: NetName=GND Pin=BLK_NUM1_7-2
Removed Pin From Net: NetName=GND Pin=BLK_NUM1_7-3
Removed Pin From Net: NetName=GND Pin=BLK_NUM1_7-4
Removed Pin From Net: NetName=VCC Pin=BLK_NUM1_7-5
Removed Pin From Net: NetName=GND Pin=BLK_NUM1_7-6
Removed Pin From Net: NetName=VCC Pin=BLK_NUM1_7-7
Removed Pin From Net: NetName=VCC Pin=BLK_NUM1_7-8
Removed Pin From Net: NetName=VCC Pin=BLK_NUM1_7-9
Removed Pin From Net: NetName=GND Pin=BLK_NUM1_8-1
Removed Pin From Net: NetName=GND Pin=BLK_NUM1_8-2
Removed Pin From Net: NetName=GND Pin=BLK_NUM1_8-3
Removed Pin From Net: NetName=GND Pin=BLK_NUM1_8-4
Removed Pin From Net: NetName=VCC Pin=BLK_NUM1_8-5
Removed Pin From Net: NetName=VCC Pin=BLK_NUM1_8-6
Removed Pin From Net: NetName=GND Pin=BLK_NUM1_8-7
Removed Pin From Net: NetName=GND Pin=BLK_NUM1_8-8
Removed Pin From Net: NetName=GND Pin=BLK_NUM1_8-9
Removed Pin From Net: NetName=GND Pin=BLK_NUM1_9-1
Removed Pin From Net: NetName=GND Pin=BLK_NUM1_9-2
Removed Pin From Net: NetName=GND Pin=BLK_NUM1_9-3
Removed Pin From Net: NetName=GND Pin=BLK_NUM1_9-4
Removed Pin From Net: NetName=VCC Pin=BLK_NUM1_9-5
Removed Pin From Net: NetName=VCC Pin=BLK_NUM1_9-6
Removed Pin From Net: NetName=GND Pin=BLK_NUM1_9-7
Removed Pin From Net: NetName=GND Pin=BLK_NUM1_9-8
Removed Pin From Net: NetName=VCC Pin=BLK_NUM1_9-9
Removed Pin From Net: NetName=VCC Pin=BLK_NUM2_0-5
Removed Pin From Net: NetName=GND Pin=BLK_NUM2_1-1
Removed Pin From Net: NetName=GND Pin=BLK_NUM2_1-2
Removed Pin From Net: NetName=GND Pin=BLK_NUM2_1-3
Removed Pin From Net: NetName=GND Pin=BLK_NUM2_1-4
Removed Pin From Net: NetName=VCC Pin=BLK_NUM2_1-5
Removed Pin From Net: NetName=GND Pin=BLK_NUM2_1-6
Removed Pin From Net: NetName=GND Pin=BLK_NUM2_1-7
Removed Pin From Net: NetName=GND Pin=BLK_NUM2_1-8
Removed Pin From Net: NetName=VCC Pin=BLK_NUM2_1-9
Removed Pin From Net: NetName=GND Pin=BLK_NUM2_2-1
Removed Pin From Net: NetName=GND Pin=BLK_NUM2_2-2
Removed Pin From Net: NetName=GND Pin=BLK_NUM2_2-3
Removed Pin From Net: NetName=GND Pin=BLK_NUM2_2-4
Removed Pin From Net: NetName=VCC Pin=BLK_NUM2_2-5
Removed Pin From Net: NetName=GND Pin=BLK_NUM2_2-6
Removed Pin From Net: NetName=GND Pin=BLK_NUM2_2-7
Removed Pin From Net: NetName=VCC Pin=BLK_NUM2_2-8
Removed Pin From Net: NetName=GND Pin=BLK_NUM2_2-9
Removed Pin From Net: NetName=GND Pin=BLK_NUM2_3-1
Removed Pin From Net: NetName=GND Pin=BLK_NUM2_3-2
Removed Pin From Net: NetName=GND Pin=BLK_NUM2_3-3
Removed Pin From Net: NetName=GND Pin=BLK_NUM2_3-4
Removed Pin From Net: NetName=VCC Pin=BLK_NUM2_3-5
Removed Pin From Net: NetName=GND Pin=BLK_NUM2_3-6
Removed Pin From Net: NetName=GND Pin=BLK_NUM2_3-7
Removed Pin From Net: NetName=VCC Pin=BLK_NUM2_3-8
Removed Pin From Net: NetName=VCC Pin=BLK_NUM2_3-9
Removed Pin From Net: NetName=GND Pin=BLK_NUM2_4-1
Removed Pin From Net: NetName=GND Pin=BLK_NUM2_4-2
Removed Pin From Net: NetName=GND Pin=BLK_NUM2_4-3
Removed Pin From Net: NetName=GND Pin=BLK_NUM2_4-4
Removed Pin From Net: NetName=VCC Pin=BLK_NUM2_4-5
Removed Pin From Net: NetName=GND Pin=BLK_NUM2_4-6
Removed Pin From Net: NetName=VCC Pin=BLK_NUM2_4-7
Removed Pin From Net: NetName=GND Pin=BLK_NUM2_4-8
Removed Pin From Net: NetName=GND Pin=BLK_NUM2_4-9
Removed Pin From Net: NetName=GND Pin=BLK_NUM2_5-1
Removed Pin From Net: NetName=GND Pin=BLK_NUM2_5-2
Removed Pin From Net: NetName=GND Pin=BLK_NUM2_5-3
Removed Pin From Net: NetName=GND Pin=BLK_NUM2_5-4
Removed Pin From Net: NetName=VCC Pin=BLK_NUM2_5-5
Removed Pin From Net: NetName=GND Pin=BLK_NUM2_5-6
Removed Pin From Net: NetName=VCC Pin=BLK_NUM2_5-7
Removed Pin From Net: NetName=GND Pin=BLK_NUM2_5-8
Removed Pin From Net: NetName=VCC Pin=BLK_NUM2_5-9
Removed Pin From Net: NetName=GND Pin=BLK_NUM2_6-1
Removed Pin From Net: NetName=GND Pin=BLK_NUM2_6-2
Removed Pin From Net: NetName=GND Pin=BLK_NUM2_6-3
Removed Pin From Net: NetName=GND Pin=BLK_NUM2_6-4
Removed Pin From Net: NetName=VCC Pin=BLK_NUM2_6-5
Removed Pin From Net: NetName=GND Pin=BLK_NUM2_6-6
Removed Pin From Net: NetName=VCC Pin=BLK_NUM2_6-7
Removed Pin From Net: NetName=VCC Pin=BLK_NUM2_6-8
Removed Pin From Net: NetName=GND Pin=BLK_NUM2_6-9
Removed Pin From Net: NetName=GND Pin=BLK_NUM2_7-1
Removed Pin From Net: NetName=GND Pin=BLK_NUM2_7-2
Removed Pin From Net: NetName=GND Pin=BLK_NUM2_7-3
Removed Pin From Net: NetName=GND Pin=BLK_NUM2_7-4
Removed Pin From Net: NetName=GND Pin=BLK_NUM2_7-6
Removed Pin From Net: NetName=GND Pin=BLK_NUM2_8-1
Removed Pin From Net: NetName=GND Pin=BLK_NUM2_8-2
Removed Pin From Net: NetName=GND Pin=BLK_NUM2_8-3
Removed Pin From Net: NetName=GND Pin=BLK_NUM2_8-4
Removed Pin From Net: NetName=VCC Pin=BLK_NUM2_8-5
Removed Pin From Net: NetName=VCC Pin=BLK_NUM2_8-6
Removed Pin From Net: NetName=GND Pin=BLK_NUM2_8-7
Removed Pin From Net: NetName=GND Pin=BLK_NUM2_8-8
Removed Pin From Net: NetName=GND Pin=BLK_NUM2_8-9
Removed Pin From Net: NetName=GND Pin=BLK_NUM2_9-1
Removed Pin From Net: NetName=GND Pin=BLK_NUM2_9-2
Removed Pin From Net: NetName=GND Pin=BLK_NUM2_9-3
Removed Pin From Net: NetName=GND Pin=BLK_NUM2_9-4
Removed Pin From Net: NetName=VCC Pin=BLK_NUM2_9-5
Removed Pin From Net: NetName=VCC Pin=BLK_NUM2_9-6
Removed Pin From Net: NetName=GND Pin=BLK_NUM2_9-7
Removed Pin From Net: NetName=GND Pin=BLK_NUM2_9-8
Removed Pin From Net: NetName=VCC Pin=BLK_NUM2_9-9
Removed Pin From Net: NetName=GND Pin=BLK_OP_0-1
Removed Pin From Net: NetName=GND Pin=BLK_OP_0-2
Removed Pin From Net: NetName=GND Pin=BLK_OP_0-3
Removed Pin From Net: NetName=GND Pin=BLK_OP_0-4
Removed Pin From Net: NetName=VCC Pin=BLK_OP_0-5
Removed Pin From Net: NetName=GND Pin=BLK_OP_0-6
Removed Pin From Net: NetName=GND Pin=BLK_OP_0-7
Removed Pin From Net: NetName=GND Pin=BLK_OP_0-8
Removed Pin From Net: NetName=GND Pin=BLK_OP_0-9
Removed Pin From Net: NetName=GND Pin=BLK_OP_1-1
Removed Pin From Net: NetName=GND Pin=BLK_OP_1-2
Removed Pin From Net: NetName=GND Pin=BLK_OP_1-3
Removed Pin From Net: NetName=GND Pin=BLK_OP_1-4
Removed Pin From Net: NetName=VCC Pin=BLK_OP_1-5
Removed Pin From Net: NetName=GND Pin=BLK_OP_1-6
Removed Pin From Net: NetName=GND Pin=BLK_OP_1-7
Removed Pin From Net: NetName=GND Pin=BLK_OP_1-8
Removed Pin From Net: NetName=VCC Pin=BLK_OP_1-9
Removed Pin From Net: NetName=GND Pin=BLK_OP_2-1
Removed Pin From Net: NetName=GND Pin=BLK_OP_2-2
Removed Pin From Net: NetName=GND Pin=BLK_OP_2-3
Removed Pin From Net: NetName=GND Pin=BLK_OP_2-4
Removed Pin From Net: NetName=VCC Pin=BLK_OP_2-5
Removed Pin From Net: NetName=GND Pin=BLK_OP_2-6
Removed Pin From Net: NetName=GND Pin=BLK_OP_2-7
Removed Pin From Net: NetName=VCC Pin=BLK_OP_2-8
Removed Pin From Net: NetName=GND Pin=BLK_OP_2-9
Removed Pin From Net: NetName=GND Pin=BLK_OP_3-1
Removed Pin From Net: NetName=GND Pin=BLK_OP_3-2
Removed Pin From Net: NetName=GND Pin=BLK_OP_3-3
Removed Pin From Net: NetName=GND Pin=BLK_OP_3-4
Removed Pin From Net: NetName=VCC Pin=BLK_OP_3-5
Removed Pin From Net: NetName=GND Pin=BLK_OP_3-6
Removed Pin From Net: NetName=GND Pin=BLK_OP_3-7
Removed Pin From Net: NetName=VCC Pin=BLK_OP_3-8
Removed Pin From Net: NetName=VCC Pin=BLK_OP_3-9
Removed Pin From Net: NetName=GND Pin=BLK_OP_4-1
Removed Pin From Net: NetName=GND Pin=BLK_OP_4-2
Removed Pin From Net: NetName=GND Pin=BLK_OP_4-3
Removed Pin From Net: NetName=GND Pin=BLK_OP_4-4
Removed Pin From Net: NetName=VCC Pin=BLK_OP_4-5
Removed Pin From Net: NetName=GND Pin=BLK_OP_4-6
Removed Pin From Net: NetName=VCC Pin=BLK_OP_4-7
Removed Pin From Net: NetName=GND Pin=BLK_OP_4-8
Removed Pin From Net: NetName=GND Pin=BLK_OP_4-9
Removed Pin From Net: NetName=GND Pin=BLK_OP_5-1
Removed Pin From Net: NetName=GND Pin=BLK_OP_5-2
Removed Pin From Net: NetName=GND Pin=BLK_OP_5-3
Removed Pin From Net: NetName=GND Pin=BLK_OP_5-4
Removed Pin From Net: NetName=VCC Pin=BLK_OP_5-5
Removed Pin From Net: NetName=GND Pin=BLK_OP_5-6
Removed Pin From Net: NetName=VCC Pin=BLK_OP_5-7
Removed Pin From Net: NetName=GND Pin=BLK_OP_5-8
Removed Pin From Net: NetName=VCC Pin=BLK_OP_5-9
Removed Pin From Net: NetName=GND Pin=BLK_OP_6-1
Removed Pin From Net: NetName=GND Pin=BLK_OP_6-2
Removed Pin From Net: NetName=GND Pin=BLK_OP_6-3
Removed Pin From Net: NetName=GND Pin=BLK_OP_6-4
Removed Pin From Net: NetName=VCC Pin=BLK_OP_6-5
Removed Pin From Net: NetName=GND Pin=BLK_OP_6-6
Removed Pin From Net: NetName=VCC Pin=BLK_OP_6-7
Removed Pin From Net: NetName=VCC Pin=BLK_OP_6-8
Removed Pin From Net: NetName=GND Pin=BLK_OP_6-9
Removed Pin From Net: NetName=GND Pin=BLK_OP_7-1
Removed Pin From Net: NetName=GND Pin=BLK_OP_7-2
Removed Pin From Net: NetName=GND Pin=BLK_OP_7-3
Removed Pin From Net: NetName=GND Pin=BLK_OP_7-4
Removed Pin From Net: NetName=VCC Pin=BLK_OP_7-5
Removed Pin From Net: NetName=GND Pin=BLK_OP_7-6
Removed Pin From Net: NetName=VCC Pin=BLK_OP_7-7
Removed Pin From Net: NetName=VCC Pin=BLK_OP_7-8
Removed Pin From Net: NetName=VCC Pin=BLK_OP_7-9
Removed Pin From Net: NetName=GND Pin=BLK_OP_8-1
Removed Pin From Net: NetName=GND Pin=BLK_OP_8-2
Removed Pin From Net: NetName=GND Pin=BLK_OP_8-3
Removed Pin From Net: NetName=GND Pin=BLK_OP_8-4
Removed Pin From Net: NetName=VCC Pin=BLK_OP_8-5
Removed Pin From Net: NetName=VCC Pin=BLK_OP_8-6
Removed Pin From Net: NetName=GND Pin=BLK_OP_8-7
Removed Pin From Net: NetName=GND Pin=BLK_OP_8-8
Removed Pin From Net: NetName=GND Pin=BLK_OP_8-9
Removed Pin From Net: NetName=GND Pin=BLK_OP_9-1
Removed Pin From Net: NetName=GND Pin=BLK_OP_9-2
Removed Pin From Net: NetName=GND Pin=BLK_OP_9-3
Removed Pin From Net: NetName=GND Pin=BLK_OP_9-4
Removed Pin From Net: NetName=VCC Pin=BLK_OP_9-5
Removed Pin From Net: NetName=VCC Pin=BLK_OP_9-6
Removed Pin From Net: NetName=GND Pin=BLK_OP_9-7
Removed Pin From Net: NetName=GND Pin=BLK_OP_9-8
Removed Pin From Net: NetName=VCC Pin=BLK_OP_9-9
Change Net Name : Old Net Name=GND New Net Name=NetBLK_NUM2_0_1
Change Net Name : Old Net Name=VCC New Net Name=NetBLK_NUM2_7_5
Added Pin To Net: NetName=NetBLK_NUM1_0_1 Pin=BLK_NUM1_0-1
Added Pin To Net: NetName=NetBLK_NUM1_0_1 Pin=BLK_NUM1_0-2
Added Pin To Net: NetName=NetBLK_NUM1_0_1 Pin=BLK_NUM1_0-3
Added Pin To Net: NetName=NetBLK_NUM1_0_1 Pin=BLK_NUM1_0-4
Added Pin To Net: NetName=NetBLK_NUM1_0_1 Pin=BLK_NUM1_0-6
Added Pin To Net: NetName=NetBLK_NUM1_0_1 Pin=BLK_NUM1_0-7
Added Pin To Net: NetName=NetBLK_NUM1_0_1 Pin=BLK_NUM1_0-8
Added Pin To Net: NetName=NetBLK_NUM1_0_1 Pin=BLK_NUM1_0-9
Added Net: Name=NetBLK_NUM1_0_1
Added Pin To Net: NetName=NetBLK_NUM1_1_1 Pin=BLK_NUM1_1-1
Added Pin To Net: NetName=NetBLK_NUM1_1_1 Pin=BLK_NUM1_1-2
Added Pin To Net: NetName=NetBLK_NUM1_1_1 Pin=BLK_NUM1_1-3
Added Pin To Net: NetName=NetBLK_NUM1_1_1 Pin=BLK_NUM1_1-4
Added Pin To Net: NetName=NetBLK_NUM1_1_1 Pin=BLK_NUM1_1-6
Added Pin To Net: NetName=NetBLK_NUM1_1_1 Pin=BLK_NUM1_1-7
Added Pin To Net: NetName=NetBLK_NUM1_1_1 Pin=BLK_NUM1_1-8
Added Net: Name=NetBLK_NUM1_1_1
Added Pin To Net: NetName=NetBLK_NUM1_1_5 Pin=BLK_NUM1_1-5
Added Pin To Net: NetName=NetBLK_NUM1_1_5 Pin=BLK_NUM1_1-9
Added Net: Name=NetBLK_NUM1_1_5
Added Pin To Net: NetName=NetBLK_NUM1_2_1 Pin=BLK_NUM1_2-1
Added Pin To Net: NetName=NetBLK_NUM1_2_1 Pin=BLK_NUM1_2-2
Added Pin To Net: NetName=NetBLK_NUM1_2_1 Pin=BLK_NUM1_2-3
Added Pin To Net: NetName=NetBLK_NUM1_2_1 Pin=BLK_NUM1_2-4
Added Pin To Net: NetName=NetBLK_NUM1_2_1 Pin=BLK_NUM1_2-6
Added Pin To Net: NetName=NetBLK_NUM1_2_1 Pin=BLK_NUM1_2-7
Added Pin To Net: NetName=NetBLK_NUM1_2_1 Pin=BLK_NUM1_2-9
Added Net: Name=NetBLK_NUM1_2_1
Added Pin To Net: NetName=NetBLK_NUM1_2_5 Pin=BLK_NUM1_2-5
Added Pin To Net: NetName=NetBLK_NUM1_2_5 Pin=BLK_NUM1_2-8
Added Net: Name=NetBLK_NUM1_2_5
Added Pin To Net: NetName=NetBLK_NUM1_3_1 Pin=BLK_NUM1_3-1
Added Pin To Net: NetName=NetBLK_NUM1_3_1 Pin=BLK_NUM1_3-2
Added Pin To Net: NetName=NetBLK_NUM1_3_1 Pin=BLK_NUM1_3-3
Added Pin To Net: NetName=NetBLK_NUM1_3_1 Pin=BLK_NUM1_3-4
Added Pin To Net: NetName=NetBLK_NUM1_3_1 Pin=BLK_NUM1_3-6
Added Pin To Net: NetName=NetBLK_NUM1_3_1 Pin=BLK_NUM1_3-7
Added Net: Name=NetBLK_NUM1_3_1
Added Pin To Net: NetName=NetBLK_NUM1_3_5 Pin=BLK_NUM1_3-5
Added Pin To Net: NetName=NetBLK_NUM1_3_5 Pin=BLK_NUM1_3-8
Added Pin To Net: NetName=NetBLK_NUM1_3_5 Pin=BLK_NUM1_3-9
Added Net: Name=NetBLK_NUM1_3_5
Added Pin To Net: NetName=NetBLK_NUM1_4_1 Pin=BLK_NUM1_4-1
Added Pin To Net: NetName=NetBLK_NUM1_4_1 Pin=BLK_NUM1_4-2
Added Pin To Net: NetName=NetBLK_NUM1_4_1 Pin=BLK_NUM1_4-3
Added Pin To Net: NetName=NetBLK_NUM1_4_1 Pin=BLK_NUM1_4-4
Added Pin To Net: NetName=NetBLK_NUM1_4_1 Pin=BLK_NUM1_4-6
Added Pin To Net: NetName=NetBLK_NUM1_4_1 Pin=BLK_NUM1_4-8
Added Pin To Net: NetName=NetBLK_NUM1_4_1 Pin=BLK_NUM1_4-9
Added Net: Name=NetBLK_NUM1_4_1
Added Pin To Net: NetName=NetBLK_NUM1_4_5 Pin=BLK_NUM1_4-5
Added Pin To Net: NetName=NetBLK_NUM1_4_5 Pin=BLK_NUM1_4-7
Added Net: Name=NetBLK_NUM1_4_5
Added Pin To Net: NetName=NetBLK_NUM1_5_1 Pin=BLK_NUM1_5-1
Added Pin To Net: NetName=NetBLK_NUM1_5_1 Pin=BLK_NUM1_5-2
Added Pin To Net: NetName=NetBLK_NUM1_5_1 Pin=BLK_NUM1_5-3
Added Pin To Net: NetName=NetBLK_NUM1_5_1 Pin=BLK_NUM1_5-4
Added Pin To Net: NetName=NetBLK_NUM1_5_1 Pin=BLK_NUM1_5-6
Added Pin To Net: NetName=NetBLK_NUM1_5_1 Pin=BLK_NUM1_5-8
Added Net: Name=NetBLK_NUM1_5_1
Added Pin To Net: NetName=NetBLK_NUM1_5_5 Pin=BLK_NUM1_5-5
Added Pin To Net: NetName=NetBLK_NUM1_5_5 Pin=BLK_NUM1_5-7
Added Pin To Net: NetName=NetBLK_NUM1_5_5 Pin=BLK_NUM1_5-9
Added Net: Name=NetBLK_NUM1_5_5
Added Pin To Net: NetName=NetBLK_NUM1_6_1 Pin=BLK_NUM1_6-1
Added Pin To Net: NetName=NetBLK_NUM1_6_1 Pin=BLK_NUM1_6-2
Added Pin To Net: NetName=NetBLK_NUM1_6_1 Pin=BLK_NUM1_6-3
Added Pin To Net: NetName=NetBLK_NUM1_6_1 Pin=BLK_NUM1_6-4
Added Pin To Net: NetName=NetBLK_NUM1_6_1 Pin=BLK_NUM1_6-6
Added Pin To Net: NetName=NetBLK_NUM1_6_1 Pin=BLK_NUM1_6-9
Added Net: Name=NetBLK_NUM1_6_1
Added Pin To Net: NetName=NetBLK_NUM1_6_5 Pin=BLK_NUM1_6-5
Added Pin To Net: NetName=NetBLK_NUM1_6_5 Pin=BLK_NUM1_6-7
Added Pin To Net: NetName=NetBLK_NUM1_6_5 Pin=BLK_NUM1_6-8
Added Net: Name=NetBLK_NUM1_6_5
Added Pin To Net: NetName=NetBLK_NUM1_7_1 Pin=BLK_NUM1_7-1
Added Pin To Net: NetName=NetBLK_NUM1_7_1 Pin=BLK_NUM1_7-2
Added Pin To Net: NetName=NetBLK_NUM1_7_1 Pin=BLK_NUM1_7-3
Added Pin To Net: NetName=NetBLK_NUM1_7_1 Pin=BLK_NUM1_7-4
Added Pin To Net: NetName=NetBLK_NUM1_7_1 Pin=BLK_NUM1_7-6
Added Net: Name=NetBLK_NUM1_7_1
Added Pin To Net: NetName=NetBLK_NUM1_7_5 Pin=BLK_NUM1_7-5
Added Pin To Net: NetName=NetBLK_NUM1_7_5 Pin=BLK_NUM1_7-7
Added Pin To Net: NetName=NetBLK_NUM1_7_5 Pin=BLK_NUM1_7-8
Added Pin To Net: NetName=NetBLK_NUM1_7_5 Pin=BLK_NUM1_7-9
Added Net: Name=NetBLK_NUM1_7_5
Added Pin To Net: NetName=NetBLK_NUM1_8_1 Pin=BLK_NUM1_8-1
Added Pin To Net: NetName=NetBLK_NUM1_8_1 Pin=BLK_NUM1_8-2
Added Pin To Net: NetName=NetBLK_NUM1_8_1 Pin=BLK_NUM1_8-3
Added Pin To Net: NetName=NetBLK_NUM1_8_1 Pin=BLK_NUM1_8-4
Added Pin To Net: NetName=NetBLK_NUM1_8_1 Pin=BLK_NUM1_8-7
Added Pin To Net: NetName=NetBLK_NUM1_8_1 Pin=BLK_NUM1_8-8
Added Pin To Net: NetName=NetBLK_NUM1_8_1 Pin=BLK_NUM1_8-9
Added Net: Name=NetBLK_NUM1_8_1
Added Pin To Net: NetName=NetBLK_NUM1_8_5 Pin=BLK_NUM1_8-5
Added Pin To Net: NetName=NetBLK_NUM1_8_5 Pin=BLK_NUM1_8-6
Added Net: Name=NetBLK_NUM1_8_5
Added Pin To Net: NetName=NetBLK_NUM1_9_1 Pin=BLK_NUM1_9-1
Added Pin To Net: NetName=NetBLK_NUM1_9_1 Pin=BLK_NUM1_9-2
Added Pin To Net: NetName=NetBLK_NUM1_9_1 Pin=BLK_NUM1_9-3
Added Pin To Net: NetName=NetBLK_NUM1_9_1 Pin=BLK_NUM1_9-4
Added Pin To Net: NetName=NetBLK_NUM1_9_1 Pin=BLK_NUM1_9-7
Added Pin To Net: NetName=NetBLK_NUM1_9_1 Pin=BLK_NUM1_9-8
Added Net: Name=NetBLK_NUM1_9_1
Added Pin To Net: NetName=NetBLK_NUM1_9_5 Pin=BLK_NUM1_9-5
Added Pin To Net: NetName=NetBLK_NUM1_9_5 Pin=BLK_NUM1_9-6
Added Pin To Net: NetName=NetBLK_NUM1_9_5 Pin=BLK_NUM1_9-9
Added Net: Name=NetBLK_NUM1_9_5
Added Pin To Net: NetName=NetBLK_NUM2_1_1 Pin=BLK_NUM2_1-1
Added Pin To Net: NetName=NetBLK_NUM2_1_1 Pin=BLK_NUM2_1-2
Added Pin To Net: NetName=NetBLK_NUM2_1_1 Pin=BLK_NUM2_1-3
Added Pin To Net: NetName=NetBLK_NUM2_1_1 Pin=BLK_NUM2_1-4
Added Pin To Net: NetName=NetBLK_NUM2_1_1 Pin=BLK_NUM2_1-6
Added Pin To Net: NetName=NetBLK_NUM2_1_1 Pin=BLK_NUM2_1-7
Added Pin To Net: NetName=NetBLK_NUM2_1_1 Pin=BLK_NUM2_1-8
Added Net: Name=NetBLK_NUM2_1_1
Added Pin To Net: NetName=NetBLK_NUM2_1_5 Pin=BLK_NUM2_1-5
Added Pin To Net: NetName=NetBLK_NUM2_1_5 Pin=BLK_NUM2_1-9
Added Net: Name=NetBLK_NUM2_1_5
Added Pin To Net: NetName=NetBLK_NUM2_2_1 Pin=BLK_NUM2_2-1
Added Pin To Net: NetName=NetBLK_NUM2_2_1 Pin=BLK_NUM2_2-2
Added Pin To Net: NetName=NetBLK_NUM2_2_1 Pin=BLK_NUM2_2-3
Added Pin To Net: NetName=NetBLK_NUM2_2_1 Pin=BLK_NUM2_2-4
Added Pin To Net: NetName=NetBLK_NUM2_2_1 Pin=BLK_NUM2_2-6
Added Pin To Net: NetName=NetBLK_NUM2_2_1 Pin=BLK_NUM2_2-7
Added Pin To Net: NetName=NetBLK_NUM2_2_1 Pin=BLK_NUM2_2-9
Added Net: Name=NetBLK_NUM2_2_1
Added Pin To Net: NetName=NetBLK_NUM2_2_5 Pin=BLK_NUM2_2-5
Added Pin To Net: NetName=NetBLK_NUM2_2_5 Pin=BLK_NUM2_2-8
Added Net: Name=NetBLK_NUM2_2_5
Added Pin To Net: NetName=NetBLK_NUM2_3_1 Pin=BLK_NUM2_3-1
Added Pin To Net: NetName=NetBLK_NUM2_3_1 Pin=BLK_NUM2_3-2
Added Pin To Net: NetName=NetBLK_NUM2_3_1 Pin=BLK_NUM2_3-3
Added Pin To Net: NetName=NetBLK_NUM2_3_1 Pin=BLK_NUM2_3-4
Added Pin To Net: NetName=NetBLK_NUM2_3_1 Pin=BLK_NUM2_3-6
Added Pin To Net: NetName=NetBLK_NUM2_3_1 Pin=BLK_NUM2_3-7
Added Net: Name=NetBLK_NUM2_3_1
Added Pin To Net: NetName=NetBLK_NUM2_3_5 Pin=BLK_NUM2_3-5
Added Pin To Net: NetName=NetBLK_NUM2_3_5 Pin=BLK_NUM2_3-8
Added Pin To Net: NetName=NetBLK_NUM2_3_5 Pin=BLK_NUM2_3-9
Added Net: Name=NetBLK_NUM2_3_5
Added Pin To Net: NetName=NetBLK_NUM2_4_1 Pin=BLK_NUM2_4-1
Added Pin To Net: NetName=NetBLK_NUM2_4_1 Pin=BLK_NUM2_4-2
Added Pin To Net: NetName=NetBLK_NUM2_4_1 Pin=BLK_NUM2_4-3
Added Pin To Net: NetName=NetBLK_NUM2_4_1 Pin=BLK_NUM2_4-4
Added Pin To Net: NetName=NetBLK_NUM2_4_1 Pin=BLK_NUM2_4-6
Added Pin To Net: NetName=NetBLK_NUM2_4_1 Pin=BLK_NUM2_4-8
Added Pin To Net: NetName=NetBLK_NUM2_4_1 Pin=BLK_NUM2_4-9
Added Net: Name=NetBLK_NUM2_4_1
Added Pin To Net: NetName=NetBLK_NUM2_4_5 Pin=BLK_NUM2_4-5
Added Pin To Net: NetName=NetBLK_NUM2_4_5 Pin=BLK_NUM2_4-7
Added Net: Name=NetBLK_NUM2_4_5
Added Pin To Net: NetName=NetBLK_NUM2_5_1 Pin=BLK_NUM2_5-1
Added Pin To Net: NetName=NetBLK_NUM2_5_1 Pin=BLK_NUM2_5-2
Added Pin To Net: NetName=NetBLK_NUM2_5_1 Pin=BLK_NUM2_5-3
Added Pin To Net: NetName=NetBLK_NUM2_5_1 Pin=BLK_NUM2_5-4
Added Pin To Net: NetName=NetBLK_NUM2_5_1 Pin=BLK_NUM2_5-6
Added Pin To Net: NetName=NetBLK_NUM2_5_1 Pin=BLK_NUM2_5-8
Added Net: Name=NetBLK_NUM2_5_1
Added Pin To Net: NetName=NetBLK_NUM2_5_5 Pin=BLK_NUM2_5-5
Added Pin To Net: NetName=NetBLK_NUM2_5_5 Pin=BLK_NUM2_5-7
Added Pin To Net: NetName=NetBLK_NUM2_5_5 Pin=BLK_NUM2_5-9
Added Net: Name=NetBLK_NUM2_5_5
Added Pin To Net: NetName=NetBLK_NUM2_6_1 Pin=BLK_NUM2_6-1
Added Pin To Net: NetName=NetBLK_NUM2_6_1 Pin=BLK_NUM2_6-2
Added Pin To Net: NetName=NetBLK_NUM2_6_1 Pin=BLK_NUM2_6-3
Added Pin To Net: NetName=NetBLK_NUM2_6_1 Pin=BLK_NUM2_6-4
Added Pin To Net: NetName=NetBLK_NUM2_6_1 Pin=BLK_NUM2_6-6
Added Pin To Net: NetName=NetBLK_NUM2_6_1 Pin=BLK_NUM2_6-9
Added Net: Name=NetBLK_NUM2_6_1
Added Pin To Net: NetName=NetBLK_NUM2_6_5 Pin=BLK_NUM2_6-5
Added Pin To Net: NetName=NetBLK_NUM2_6_5 Pin=BLK_NUM2_6-7
Added Pin To Net: NetName=NetBLK_NUM2_6_5 Pin=BLK_NUM2_6-8
Added Net: Name=NetBLK_NUM2_6_5
Added Pin To Net: NetName=NetBLK_NUM2_7_1 Pin=BLK_NUM2_7-1
Added Pin To Net: NetName=NetBLK_NUM2_7_1 Pin=BLK_NUM2_7-2
Added Pin To Net: NetName=NetBLK_NUM2_7_1 Pin=BLK_NUM2_7-3
Added Pin To Net: NetName=NetBLK_NUM2_7_1 Pin=BLK_NUM2_7-4
Added Pin To Net: NetName=NetBLK_NUM2_7_1 Pin=BLK_NUM2_7-6
Added Net: Name=NetBLK_NUM2_7_1
Added Pin To Net: NetName=NetBLK_NUM2_8_1 Pin=BLK_NUM2_8-1
Added Pin To Net: NetName=NetBLK_NUM2_8_1 Pin=BLK_NUM2_8-2
Added Pin To Net: NetName=NetBLK_NUM2_8_1 Pin=BLK_NUM2_8-3
Added Pin To Net: NetName=NetBLK_NUM2_8_1 Pin=BLK_NUM2_8-4
Added Pin To Net: NetName=NetBLK_NUM2_8_1 Pin=BLK_NUM2_8-7
Added Pin To Net: NetName=NetBLK_NUM2_8_1 Pin=BLK_NUM2_8-8
Added Pin To Net: NetName=NetBLK_NUM2_8_1 Pin=BLK_NUM2_8-9
Added Net: Name=NetBLK_NUM2_8_1
Added Pin To Net: NetName=NetBLK_NUM2_8_5 Pin=BLK_NUM2_8-5
Added Pin To Net: NetName=NetBLK_NUM2_8_5 Pin=BLK_NUM2_8-6
Added Net: Name=NetBLK_NUM2_8_5
Added Pin To Net: NetName=NetBLK_NUM2_9_1 Pin=BLK_NUM2_9-1
Added Pin To Net: NetName=NetBLK_NUM2_9_1 Pin=BLK_NUM2_9-2
Added Pin To Net: NetName=NetBLK_NUM2_9_1 Pin=BLK_NUM2_9-3
Added Pin To Net: NetName=NetBLK_NUM2_9_1 Pin=BLK_NUM2_9-4
Added Pin To Net: NetName=NetBLK_NUM2_9_1 Pin=BLK_NUM2_9-7
Added Pin To Net: NetName=NetBLK_NUM2_9_1 Pin=BLK_NUM2_9-8
Added Net: Name=NetBLK_NUM2_9_1
Added Pin To Net: NetName=NetBLK_NUM2_9_5 Pin=BLK_NUM2_9-5
Added Pin To Net: NetName=NetBLK_NUM2_9_5 Pin=BLK_NUM2_9-6
Added Pin To Net: NetName=NetBLK_NUM2_9_5 Pin=BLK_NUM2_9-9
Added Net: Name=NetBLK_NUM2_9_5
Added Pin To Net: NetName=NetBLK_OP_0_1 Pin=BLK_OP_0-1
Added Pin To Net: NetName=NetBLK_OP_0_1 Pin=BLK_OP_0-2
Added Pin To Net: NetName=NetBLK_OP_0_1 Pin=BLK_OP_0-3
Added Pin To Net: NetName=NetBLK_OP_0_1 Pin=BLK_OP_0-4
Added Pin To Net: NetName=NetBLK_OP_0_1 Pin=BLK_OP_0-6
Added Pin To Net: NetName=NetBLK_OP_0_1 Pin=BLK_OP_0-7
Added Pin To Net: NetName=NetBLK_OP_0_1 Pin=BLK_OP_0-8
Added Pin To Net: NetName=NetBLK_OP_0_1 Pin=BLK_OP_0-9
Added Net: Name=NetBLK_OP_0_1
Added Pin To Net: NetName=NetBLK_OP_1_1 Pin=BLK_OP_1-1
Added Pin To Net: NetName=NetBLK_OP_1_1 Pin=BLK_OP_1-2
Added Pin To Net: NetName=NetBLK_OP_1_1 Pin=BLK_OP_1-3
Added Pin To Net: NetName=NetBLK_OP_1_1 Pin=BLK_OP_1-4
Added Pin To Net: NetName=NetBLK_OP_1_1 Pin=BLK_OP_1-6
Added Pin To Net: NetName=NetBLK_OP_1_1 Pin=BLK_OP_1-7
Added Pin To Net: NetName=NetBLK_OP_1_1 Pin=BLK_OP_1-8
Added Net: Name=NetBLK_OP_1_1
Added Pin To Net: NetName=NetBLK_OP_1_5 Pin=BLK_OP_1-5
Added Pin To Net: NetName=NetBLK_OP_1_5 Pin=BLK_OP_1-9
Added Net: Name=NetBLK_OP_1_5
Added Pin To Net: NetName=NetBLK_OP_2_1 Pin=BLK_OP_2-1
Added Pin To Net: NetName=NetBLK_OP_2_1 Pin=BLK_OP_2-2
Added Pin To Net: NetName=NetBLK_OP_2_1 Pin=BLK_OP_2-3
Added Pin To Net: NetName=NetBLK_OP_2_1 Pin=BLK_OP_2-4
Added Pin To Net: NetName=NetBLK_OP_2_1 Pin=BLK_OP_2-6
Added Pin To Net: NetName=NetBLK_OP_2_1 Pin=BLK_OP_2-7
Added Pin To Net: NetName=NetBLK_OP_2_1 Pin=BLK_OP_2-9
Added Net: Name=NetBLK_OP_2_1
Added Pin To Net: NetName=NetBLK_OP_2_5 Pin=BLK_OP_2-5
Added Pin To Net: NetName=NetBLK_OP_2_5 Pin=BLK_OP_2-8
Added Net: Name=NetBLK_OP_2_5
Added Pin To Net: NetName=NetBLK_OP_3_1 Pin=BLK_OP_3-1
Added Pin To Net: NetName=NetBLK_OP_3_1 Pin=BLK_OP_3-2
Added Pin To Net: NetName=NetBLK_OP_3_1 Pin=BLK_OP_3-3
Added Pin To Net: NetName=NetBLK_OP_3_1 Pin=BLK_OP_3-4
Added Pin To Net: NetName=NetBLK_OP_3_1 Pin=BLK_OP_3-6
Added Pin To Net: NetName=NetBLK_OP_3_1 Pin=BLK_OP_3-7
Added Net: Name=NetBLK_OP_3_1
Added Pin To Net: NetName=NetBLK_OP_3_5 Pin=BLK_OP_3-5
Added Pin To Net: NetName=NetBLK_OP_3_5 Pin=BLK_OP_3-8
Added Pin To Net: NetName=NetBLK_OP_3_5 Pin=BLK_OP_3-9
Added Net: Name=NetBLK_OP_3_5
Added Pin To Net: NetName=NetBLK_OP_4_1 Pin=BLK_OP_4-1
Added Pin To Net: NetName=NetBLK_OP_4_1 Pin=BLK_OP_4-2
Added Pin To Net: NetName=NetBLK_OP_4_1 Pin=BLK_OP_4-3
Added Pin To Net: NetName=NetBLK_OP_4_1 Pin=BLK_OP_4-4
Added Pin To Net: NetName=NetBLK_OP_4_1 Pin=BLK_OP_4-6
Added Pin To Net: NetName=NetBLK_OP_4_1 Pin=BLK_OP_4-8
Added Pin To Net: NetName=NetBLK_OP_4_1 Pin=BLK_OP_4-9
Added Net: Name=NetBLK_OP_4_1
Added Pin To Net: NetName=NetBLK_OP_4_5 Pin=BLK_OP_4-5
Added Pin To Net: NetName=NetBLK_OP_4_5 Pin=BLK_OP_4-7
Added Net: Name=NetBLK_OP_4_5
Added Pin To Net: NetName=NetBLK_OP_5_1 Pin=BLK_OP_5-1
Added Pin To Net: NetName=NetBLK_OP_5_1 Pin=BLK_OP_5-2
Added Pin To Net: NetName=NetBLK_OP_5_1 Pin=BLK_OP_5-3
Added Pin To Net: NetName=NetBLK_OP_5_1 Pin=BLK_OP_5-4
Added Pin To Net: NetName=NetBLK_OP_5_1 Pin=BLK_OP_5-6
Added Pin To Net: NetName=NetBLK_OP_5_1 Pin=BLK_OP_5-8
Added Net: Name=NetBLK_OP_5_1
Added Pin To Net: NetName=NetBLK_OP_5_5 Pin=BLK_OP_5-5
Added Pin To Net: NetName=NetBLK_OP_5_5 Pin=BLK_OP_5-7
Added Pin To Net: NetName=NetBLK_OP_5_5 Pin=BLK_OP_5-9
Added Net: Name=NetBLK_OP_5_5
Added Pin To Net: NetName=NetBLK_OP_6_1 Pin=BLK_OP_6-1
Added Pin To Net: NetName=NetBLK_OP_6_1 Pin=BLK_OP_6-2
Added Pin To Net: NetName=NetBLK_OP_6_1 Pin=BLK_OP_6-3
Added Pin To Net: NetName=NetBLK_OP_6_1 Pin=BLK_OP_6-4
Added Pin To Net: NetName=NetBLK_OP_6_1 Pin=BLK_OP_6-6
Added Pin To Net: NetName=NetBLK_OP_6_1 Pin=BLK_OP_6-9
Added Net: Name=NetBLK_OP_6_1
Added Pin To Net: NetName=NetBLK_OP_6_5 Pin=BLK_OP_6-5
Added Pin To Net: NetName=NetBLK_OP_6_5 Pin=BLK_OP_6-7
Added Pin To Net: NetName=NetBLK_OP_6_5 Pin=BLK_OP_6-8
Added Net: Name=NetBLK_OP_6_5
Added Pin To Net: NetName=NetBLK_OP_7_1 Pin=BLK_OP_7-1
Added Pin To Net: NetName=NetBLK_OP_7_1 Pin=BLK_OP_7-2
Added Pin To Net: NetName=NetBLK_OP_7_1 Pin=BLK_OP_7-3
Added Pin To Net: NetName=NetBLK_OP_7_1 Pin=BLK_OP_7-4
Added Pin To Net: NetName=NetBLK_OP_7_1 Pin=BLK_OP_7-6
Added Net: Name=NetBLK_OP_7_1
Added Pin To Net: NetName=NetBLK_OP_7_5 Pin=BLK_OP_7-5
Added Pin To Net: NetName=NetBLK_OP_7_5 Pin=BLK_OP_7-7
Added Pin To Net: NetName=NetBLK_OP_7_5 Pin=BLK_OP_7-8
Added Pin To Net: NetName=NetBLK_OP_7_5 Pin=BLK_OP_7-9
Added Net: Name=NetBLK_OP_7_5
Added Pin To Net: NetName=NetBLK_OP_8_1 Pin=BLK_OP_8-1
Added Pin To Net: NetName=NetBLK_OP_8_1 Pin=BLK_OP_8-2
Added Pin To Net: NetName=NetBLK_OP_8_1 Pin=BLK_OP_8-3
Added Pin To Net: NetName=NetBLK_OP_8_1 Pin=BLK_OP_8-4
Added Pin To Net: NetName=NetBLK_OP_8_1 Pin=BLK_OP_8-7
Added Pin To Net: NetName=NetBLK_OP_8_1 Pin=BLK_OP_8-8
Added Pin To Net: NetName=NetBLK_OP_8_1 Pin=BLK_OP_8-9
Added Net: Name=NetBLK_OP_8_1
Added Pin To Net: NetName=NetBLK_OP_8_5 Pin=BLK_OP_8-5
Added Pin To Net: NetName=NetBLK_OP_8_5 Pin=BLK_OP_8-6
Added Net: Name=NetBLK_OP_8_5
Added Pin To Net: NetName=NetBLK_OP_9_1 Pin=BLK_OP_9-1
Added Pin To Net: NetName=NetBLK_OP_9_1 Pin=BLK_OP_9-2
Added Pin To Net: NetName=NetBLK_OP_9_1 Pin=BLK_OP_9-3
Added Pin To Net: NetName=NetBLK_OP_9_1 Pin=BLK_OP_9-4
Added Pin To Net: NetName=NetBLK_OP_9_1 Pin=BLK_OP_9-7
Added Pin To Net: NetName=NetBLK_OP_9_1 Pin=BLK_OP_9-8
Added Net: Name=NetBLK_OP_9_1
Added Pin To Net: NetName=NetBLK_OP_9_5 Pin=BLK_OP_9-5
Added Pin To Net: NetName=NetBLK_OP_9_5 Pin=BLK_OP_9-6
Added Pin To Net: NetName=NetBLK_OP_9_5 Pin=BLK_OP_9-9
Added Net: Name=NetBLK_OP_9_5
