Removed Pin From Net: NetName=GND Pin=R39-2
Removed Pin From Net: NetName=GND Pin=R40-2
Removed Pin From Net: NetName=GND Pin=R41-2
Removed Pin From Net: NetName=GND Pin=R42-2
Removed Pin From Net: NetName=GND Pin=R43-2
Removed Pin From Net: NetName=GND Pin=R44-2
Removed Pin From Net: NetName=GND Pin=R45-2
Removed Pin From Net: NetName=GND Pin=R46-2
Added Component: Designator=RP4(Resistor Pack 1k x 8)
Add component (AddParameter): Name = "Case/Package"; Value = "SIP"; VariantName = "[No Variations]"
Add component (AddParameter): Name = "Category"; Value = "Resistor Arrays"; VariantName = "[No Variations]"
Add component (AddParameter): Name = "Circuit Type"; Value = "Bussed"; VariantName = "[No Variations]"
Add component (AddParameter): Name = "ComponentLink1Description"; Value = "https://datasheet.ciiva.com/1132/1639105-1132861.pdf?src-supplier=Element14"; VariantName = "[No Variations]"
Add component (AddParameter): Name = "ComponentLink1URL"; Value = "https://datasheet.ciiva.com/1132/1639105-1132861.pdf?src-supplier=Element14"; VariantName = "[No Variations]"
Add component (AddParameter): Name = "ComponentLink2Description"; Value = "https://datasheet.ciiva.com/3264/4300r-3264093.pdf?src-supplier=Avnet"; VariantName = "[No Variations]"
Add component (AddParameter): Name = "ComponentLink2URL"; Value = "https://datasheet.ciiva.com/3264/4300r-3264093.pdf?src-supplier=Avnet"; VariantName = "[No Variations]"
Add component (AddParameter): Name = "ComponentLink3Description"; Value = "https://datasheet.ciiva.com/6494/4300r-6494366.pdf?src-supplier=Digi-Key"; VariantName = "[No Variations]"
Add component (AddParameter): Name = "ComponentLink3URL"; Value = "https://datasheet.ciiva.com/6494/4300r-6494366.pdf?src-supplier=Digi-Key"; VariantName = "[No Variations]"
Add component (AddParameter): Name = "ComponentLink4Description"; Value = "https://datasheet.ciiva.com/14583/70154247-14583487.pdf?src-supplier=Allied+Electronics"; VariantName = "[No Variations]"
Add component (AddParameter): Name = "ComponentLink4URL"; Value = "https://datasheet.ciiva.com/14583/70154247-14583487.pdf?src-supplier=Allied+Electronics"; VariantName = "[No Variations]"
Add component (AddParameter): Name = "Depth"; Value = "2.16mm"; VariantName = "[No Variations]"
Add component (AddParameter): Name = "Height"; Value = "0.195inch"; VariantName = "[No Variations]"
Add component (AddParameter): Name = "Lead Pitch"; Value = "2.54mm"; VariantName = "[No Variations]"
Add component (AddParameter): Name = "Length"; Value = "0.884inch"; VariantName = "[No Variations]"
Add component (AddParameter): Name = "Manufacturer"; Value = "Bourns"; VariantName = "[No Variations]"
Add component (AddParameter): Name = "Manufacturer Part Number"; Value = "4309R-101-102LF"; VariantName = "[No Variations]"
Add component (AddParameter): Name = "Max Operating Temperature"; Value = "125°C"; VariantName = "[No Variations]"
Add component (AddParameter): Name = "Military Standard"; Value = "Not"; VariantName = "[No Variations]"
Add component (AddParameter): Name = "Min Operating Temperature"; Value = "-55°C"; VariantName = "[No Variations]"
Add component (AddParameter): Name = "Mount"; Value = "Through Hole"; VariantName = "[No Variations]"
Add component (AddParameter): Name = "Number of Elements"; Value = "8"; VariantName = "[No Variations]"
Add component (AddParameter): Name = "Number of Pins"; Value = "9"; VariantName = "[No Variations]"
Add component (AddParameter): Name = "Number of Resistors"; Value = "8"; VariantName = "[No Variations]"
Add component (AddParameter): Name = "Number of Terminals/Pins"; Value = "9"; VariantName = "[No Variations]"
Add component (AddParameter): Name = "Package Quantity"; Value = "22"; VariantName = "[No Variations]"
Add component (AddParameter): Name = "Packaging"; Value = "Rail/Tube"; VariantName = "[No Variations]"
Add component (AddParameter): Name = "Power Per Element"; Value = "200mW"; VariantName = "[No Variations]"
Add component (AddParameter): Name = "Power Rating"; Value = "1.13W"; VariantName = "[No Variations]"
Add component (AddParameter): Name = "Pricing 1"; Value = "1=1.42000 (USD)"; VariantName = "[No Variations]"
Add component (AddParameter): Name = "Radiation Hardening"; Value = "No"; VariantName = "[No Variations]"
Add component (AddParameter): Name = "Reach SVHC Compliant"; Value = "Yes"; VariantName = "[No Variations]"
Add component (AddParameter): Name = "Resistance"; Value = "1kR"; VariantName = "[No Variations]"
Add component (AddParameter): Name = "Resistance Tolerance"; Value = "2%"; VariantName = "[No Variations]"
Add component (AddParameter): Name = "RoHS"; Value = "Yes"; VariantName = "[No Variations]"
Add component (AddParameter): Name = "RoHS Compliant"; Value = "Yes"; VariantName = "[No Variations]"
Add component (AddParameter): Name = "Series"; Value = "4300R"; VariantName = "[No Variations]"
Add component (AddParameter): Name = "Stock 1"; Value = "21"; VariantName = "[No Variations]"
Add component (AddParameter): Name = "Supplier 1"; Value = "Avnet"; VariantName = "[No Variations]"
Add component (AddParameter): Name = "Supplier Part Number 1"; Value = "32K9075"; VariantName = "[No Variations]"
Add component (AddParameter): Name = "Technology"; Value = "THICK FILM"; VariantName = "[No Variations]"
Add component (AddParameter): Name = "Temperature Coefficient"; Value = "100ppm/°C"; VariantName = "[No Variations]"
Add component (AddParameter): Name = "Terminal Pitch"; Value = "2.54mm"; VariantName = "[No Variations]"
Add component (AddParameter): Name = "Termination"; Value = "SIP"; VariantName = "[No Variations]"
Add component (AddParameter): Name = "Tolerance"; Value = "2%"; VariantName = "[No Variations]"
Add component (AddParameter): Name = "Voltage Rating"; Value = "100V"; VariantName = "[No Variations]"
Add component (AddParameter): Name = "Voltage Rating (DC)"; Value = "100V"; VariantName = "[No Variations]"
Add component (AddParameter): Name = "Width"; Value = "0.085inch"; VariantName = "[No Variations]"
Added Pin To Net: NetName=GND Pin=RP4-1
Added Pin To Net: NetName=NetRP4_2 Pin=RP4-2
Added Pin To Net: NetName=NetRP4_2 Pin=U2-7
Added Pin To Net: NetName=NetRP4_2 Pin=U6-15
Added Net: Name=NetRP4_2
Added Pin To Net: NetName=NetRP4_3 Pin=RP4-3
Added Pin To Net: NetName=NetRP4_3 Pin=U2-1
Added Pin To Net: NetName=NetRP4_3 Pin=U6-1
Added Net: Name=NetRP4_3
Added Pin To Net: NetName=NetRP4_4 Pin=RP4-4
Added Pin To Net: NetName=NetRP4_4 Pin=U2-2
Added Pin To Net: NetName=NetRP4_4 Pin=U6-2
Added Net: Name=NetRP4_4
Added Pin To Net: NetName=NetRP4_5 Pin=RP4-5
Added Pin To Net: NetName=NetRP4_5 Pin=U2-6
Added Pin To Net: NetName=NetRP4_5 Pin=U6-3
Added Net: Name=NetRP4_5
Added Pin To Net: NetName=NetRP4_6 Pin=RP4-6
Added Pin To Net: NetName=NetRP4_6 Pin=U1-7
Added Pin To Net: NetName=NetRP4_6 Pin=U6-4
Added Net: Name=NetRP4_6
Added Pin To Net: NetName=NetRP4_7 Pin=RP4-7
Added Pin To Net: NetName=NetRP4_7 Pin=U1-1
Added Pin To Net: NetName=NetRP4_7 Pin=U6-5
Added Net: Name=NetRP4_7
Added Pin To Net: NetName=NetRP4_8 Pin=RP4-8
Added Pin To Net: NetName=NetRP4_8 Pin=U1-2
Added Pin To Net: NetName=NetRP4_8 Pin=U6-6
Added Net: Name=NetRP4_8
Added Pin To Net: NetName=NetRP4_9 Pin=RP4-9
Added Pin To Net: NetName=NetRP4_9 Pin=U1-6
Added Pin To Net: NetName=NetRP4_9 Pin=U6-7
Added Net: Name=NetRP4_9
